<?xml version="1.0" encoding="utf-8"?>
<?AutomationStudio Version="4.5.2.102"?>
<Objects>
  <Object
    Path="C:\Users\admin\Desktop\KRBO-01-21Maltseva Lab\template\Logical\Package.pkg"
    LogicalPath=""
    Type="Package.ParentUnknown"
    LastWriteTime="132930258249775279" />
  <Object
    Path="C:\Users\admin\Desktop\KRBO-01-21Maltseva Lab\template\Logical\Global.typ"
    LogicalPath="Global.typ"
    Type="File"
    LastWriteTime="132614757020000000"
    Private="false" />
  <Object
    Path="C:\Users\admin\Desktop\KRBO-01-21Maltseva Lab\template\Logical\Global.var"
    LogicalPath="Global.var"
    Type="File"
    LastWriteTime="132930279592556903"
    Private="false" />
  <Object
    Path="C:\Users\admin\Desktop\KRBO-01-21Maltseva Lab\template\Logical\Libraries\Package.pkg"
    LogicalPath="Libraries"
    Type="Package"
    LastWriteTime="132903479828494388" />
  <Object
    Path="C:\Users\admin\Desktop\KRBO-01-21Maltseva Lab\template\Logical\Libraries\operator\binary.lby"
    LogicalPath="Libraries.operator"
    Type="Library"
    LastWriteTime="132614757020000000" />
  <Object
    Path="C:\Users\admin\Desktop\KRBO-01-21Maltseva Lab\template\Logical\Libraries\operator\operator.fun"
    LogicalPath="Libraries.operator.operator.fun"
    Type="File"
    LastWriteTime="132614757020000000"
    Private="false" />
  <Object
    Path="C:\Users\admin\Desktop\KRBO-01-21Maltseva Lab\template\Logical\Libraries\operator\operator.typ"
    LogicalPath="Libraries.operator.operator.typ"
    Type="File"
    LastWriteTime="132614757020000000"
    Private="false" />
  <Object
    Path="C:\Users\admin\Desktop\KRBO-01-21Maltseva Lab\template\Logical\Libraries\operator\operator.var"
    LogicalPath="Libraries.operator.operator.var"
    Type="File"
    LastWriteTime="132614757020000000"
    Private="false" />
  <Object
    Path="C:\Users\admin\Desktop\KRBO-01-21Maltseva Lab\template\Logical\Libraries\runtime\binary.lby"
    LogicalPath="Libraries.runtime"
    Type="Library"
    LastWriteTime="132614757020000000" />
  <Object
    Path="C:\Users\admin\Desktop\KRBO-01-21Maltseva Lab\template\Logical\Libraries\runtime\runtime.fun"
    LogicalPath="Libraries.runtime.runtime.fun"
    Type="File"
    LastWriteTime="132614757020000000"
    Private="false" />
  <Object
    Path="C:\Users\admin\Desktop\KRBO-01-21Maltseva Lab\template\Logical\Libraries\runtime\runtime.typ"
    LogicalPath="Libraries.runtime.runtime.typ"
    Type="File"
    LastWriteTime="132614757020000000"
    Private="false" />
  <Object
    Path="C:\Users\admin\Desktop\KRBO-01-21Maltseva Lab\template\Logical\Libraries\runtime\runtime.var"
    LogicalPath="Libraries.runtime.runtime.var"
    Type="File"
    LastWriteTime="132614757020000000"
    Private="false" />
  <Object
    Path="C:\Users\admin\Desktop\KRBO-01-21Maltseva Lab\template\Logical\Libraries\astime\binary.lby"
    LogicalPath="Libraries.astime"
    Type="Library"
    LastWriteTime="132614757020000000" />
  <Object
    Path="C:\Users\admin\Desktop\KRBO-01-21Maltseva Lab\template\Logical\Libraries\astime\astime.fun"
    LogicalPath="Libraries.astime.astime.fun"
    Type="File"
    LastWriteTime="132614757020000000"
    Private="false" />
  <Object
    Path="C:\Users\admin\Desktop\KRBO-01-21Maltseva Lab\template\Logical\Libraries\astime\astime.typ"
    LogicalPath="Libraries.astime.astime.typ"
    Type="File"
    LastWriteTime="132614757020000000"
    Private="false" />
  <Object
    Path="C:\Users\admin\Desktop\KRBO-01-21Maltseva Lab\template\Logical\Libraries\astime\astime.var"
    LogicalPath="Libraries.astime.astime.var"
    Type="File"
    LastWriteTime="132614757020000000"
    Private="false" />
  <Object
    Path="C:\Users\admin\Desktop\KRBO-01-21Maltseva Lab\template\Logical\Libraries\AsIecCon\binary.lby"
    LogicalPath="Libraries.AsIecCon"
    Type="Library"
    LastWriteTime="132614757020000000" />
  <Object
    Path="C:\Users\admin\Desktop\KRBO-01-21Maltseva Lab\template\Logical\Libraries\AsIecCon\AsIecCon.fun"
    LogicalPath="Libraries.AsIecCon.AsIecCon.fun"
    Type="File"
    LastWriteTime="132614757020000000"
    Private="false" />
  <Object
    Path="C:\Users\admin\Desktop\KRBO-01-21Maltseva Lab\template\Logical\Libraries\AsIecCon\AsIecCon.typ"
    LogicalPath="Libraries.AsIecCon.AsIecCon.typ"
    Type="File"
    LastWriteTime="132614757020000000"
    Private="false" />
  <Object
    Path="C:\Users\admin\Desktop\KRBO-01-21Maltseva Lab\template\Logical\Libraries\AsIecCon\AsIecCon.var"
    LogicalPath="Libraries.AsIecCon.AsIecCon.var"
    Type="File"
    LastWriteTime="132614757020000000"
    Private="false" />
  <Object
    Path="C:\Users\admin\Desktop\KRBO-01-21Maltseva Lab\template\Logical\Libraries\Acp10man\Binary.lby"
    LogicalPath="Libraries.Acp10man"
    Type="Library"
    LastWriteTime="132614757580000000" />
  <Object
    Path="C:\Users\admin\Desktop\KRBO-01-21Maltseva Lab\template\Logical\Libraries\Acp10man\Acp10man.typ"
    LogicalPath="Libraries.Acp10man.Acp10man.typ"
    Type="File"
    LastWriteTime="132614757580000000"
    Private="false" />
  <Object
    Path="C:\Users\admin\Desktop\KRBO-01-21Maltseva Lab\template\Logical\Libraries\Acp10par\Binary.lby"
    LogicalPath="Libraries.Acp10par"
    Type="Library"
    LastWriteTime="132614757580000000" />
  <Object
    Path="C:\Users\admin\Desktop\KRBO-01-21Maltseva Lab\template\Logical\Libraries\Acp10par\Acp10par.var"
    LogicalPath="Libraries.Acp10par.Acp10par.var"
    Type="File"
    LastWriteTime="132614757580000000"
    Private="false" />
  <Object
    Path="C:\Users\admin\Desktop\KRBO-01-21Maltseva Lab\template\Logical\Libraries\NcGlobal\Binary.lby"
    LogicalPath="Libraries.NcGlobal"
    Type="Library"
    LastWriteTime="132614757580000000" />
  <Object
    Path="C:\Users\admin\Desktop\KRBO-01-21Maltseva Lab\template\Logical\Libraries\NcGlobal\NcGlobal.fun"
    LogicalPath="Libraries.NcGlobal.NcGlobal.fun"
    Type="File"
    LastWriteTime="132614757580000000"
    Private="false" />
  <Object
    Path="C:\Users\admin\Desktop\KRBO-01-21Maltseva Lab\template\Logical\Libraries\NcGlobal\NcGlobal.typ"
    LogicalPath="Libraries.NcGlobal.NcGlobal.typ"
    Type="File"
    LastWriteTime="132614757580000000"
    Private="false" />
  <Object
    Path="C:\Users\admin\Desktop\KRBO-01-21Maltseva Lab\template\Logical\Libraries\NcGlobal\NcGlobal.var"
    LogicalPath="Libraries.NcGlobal.NcGlobal.var"
    Type="File"
    LastWriteTime="132614757580000000"
    Private="false" />
  <Object
    Path="C:\Users\admin\Desktop\KRBO-01-21Maltseva Lab\template\Logical\Libraries\Acp10sdc\binary.lby"
    LogicalPath="Libraries.Acp10sdc"
    Type="Library"
    LastWriteTime="132614757700000000" />
  <Object
    Path="C:\Users\admin\Desktop\KRBO-01-21Maltseva Lab\template\Logical\Libraries\Acp10sdc\acp10sdc.var"
    LogicalPath="Libraries.Acp10sdc.acp10sdc.var"
    Type="File"
    LastWriteTime="132614757700000000"
    Private="false" />
  <Object
    Path="C:\Users\admin\Desktop\KRBO-01-21Maltseva Lab\template\Logical\Libraries\Acp10sdc\acp10sdc.typ"
    LogicalPath="Libraries.Acp10sdc.acp10sdc.typ"
    Type="File"
    LastWriteTime="132614757700000000"
    Private="false" />
  <Object
    Path="C:\Users\admin\Desktop\KRBO-01-21Maltseva Lab\template\Logical\Libraries\AsBrStr\binary.lby"
    LogicalPath="Libraries.AsBrStr"
    Type="Library"
    LastWriteTime="132614757700000000" />
  <Object
    Path="C:\Users\admin\Desktop\KRBO-01-21Maltseva Lab\template\Logical\Libraries\AsBrStr\AsBrStr.fun"
    LogicalPath="Libraries.AsBrStr.AsBrStr.fun"
    Type="File"
    LastWriteTime="132614757700000000"
    Private="false" />
  <Object
    Path="C:\Users\admin\Desktop\KRBO-01-21Maltseva Lab\template\Logical\Libraries\AsBrStr\AsBrStr.typ"
    LogicalPath="Libraries.AsBrStr.AsBrStr.typ"
    Type="File"
    LastWriteTime="132614757700000000"
    Private="false" />
  <Object
    Path="C:\Users\admin\Desktop\KRBO-01-21Maltseva Lab\template\Logical\Libraries\AsBrStr\AsBrStr.var"
    LogicalPath="Libraries.AsBrStr.AsBrStr.var"
    Type="File"
    LastWriteTime="132614757700000000"
    Private="false" />
  <Object
    Path="C:\Users\admin\Desktop\KRBO-01-21Maltseva Lab\template\Logical\Libraries\Acp10_MC\binary.lby"
    LogicalPath="Libraries.Acp10_MC"
    Type="Library"
    LastWriteTime="132614759660000000" />
  <Object
    Path="C:\Users\admin\Desktop\KRBO-01-21Maltseva Lab\template\Logical\Libraries\Acp10_MC\acp10_mc.fun"
    LogicalPath="Libraries.Acp10_MC.acp10_mc.fun"
    Type="File"
    LastWriteTime="132614759660000000"
    Private="false" />
  <Object
    Path="C:\Users\admin\Desktop\KRBO-01-21Maltseva Lab\template\Logical\Libraries\Acp10_MC\acp10_mc.typ"
    LogicalPath="Libraries.Acp10_MC.acp10_mc.typ"
    Type="File"
    LastWriteTime="132614759660000000"
    Private="false" />
  <Object
    Path="C:\Users\admin\Desktop\KRBO-01-21Maltseva Lab\template\Logical\Libraries\Acp10_MC\acp10_mc.var"
    LogicalPath="Libraries.Acp10_MC.acp10_mc.var"
    Type="File"
    LastWriteTime="132614759660000000"
    Private="false" />
  <Object
    Path="C:\Users\admin\Desktop\KRBO-01-21Maltseva Lab\template\Logical\Libraries\brsystem\binary.lby"
    LogicalPath="Libraries.brsystem"
    Type="Library"
    LastWriteTime="132614759660000000" />
  <Object
    Path="C:\Users\admin\Desktop\KRBO-01-21Maltseva Lab\template\Logical\Libraries\brsystem\brsystem.fun"
    LogicalPath="Libraries.brsystem.brsystem.fun"
    Type="File"
    LastWriteTime="132614759660000000"
    Private="false" />
  <Object
    Path="C:\Users\admin\Desktop\KRBO-01-21Maltseva Lab\template\Logical\Libraries\brsystem\brsystem.typ"
    LogicalPath="Libraries.brsystem.brsystem.typ"
    Type="File"
    LastWriteTime="132614759660000000"
    Private="false" />
  <Object
    Path="C:\Users\admin\Desktop\KRBO-01-21Maltseva Lab\template\Logical\Libraries\brsystem\brsystem.var"
    LogicalPath="Libraries.brsystem.brsystem.var"
    Type="File"
    LastWriteTime="132614759660000000"
    Private="false" />
  <Object
    Path="C:\Users\admin\Desktop\KRBO-01-21Maltseva Lab\template\Logical\Libraries\sys_lib\binary.lby"
    LogicalPath="Libraries.sys_lib"
    Type="Library"
    LastWriteTime="132614759660000000" />
  <Object
    Path="C:\Users\admin\Desktop\KRBO-01-21Maltseva Lab\template\Logical\Libraries\sys_lib\sys_lib.fun"
    LogicalPath="Libraries.sys_lib.sys_lib.fun"
    Type="File"
    LastWriteTime="132614759660000000"
    Private="false" />
  <Object
    Path="C:\Users\admin\Desktop\KRBO-01-21Maltseva Lab\template\Logical\Libraries\sys_lib\sys_lib.typ"
    LogicalPath="Libraries.sys_lib.sys_lib.typ"
    Type="File"
    LastWriteTime="132614759660000000"
    Private="false" />
  <Object
    Path="C:\Users\admin\Desktop\KRBO-01-21Maltseva Lab\template\Logical\Libraries\sys_lib\sys_lib.var"
    LogicalPath="Libraries.sys_lib.sys_lib.var"
    Type="File"
    LastWriteTime="132614759660000000"
    Private="false" />
  <Object
    Path="C:\Users\admin\Desktop\KRBO-01-21Maltseva Lab\template\Logical\Libraries\Library\ANSIC.lby"
    LogicalPath="Libraries.Library"
    Type="Library"
    LastWriteTime="132903479828274975" />
  <Object
    Path="C:\Users\admin\Desktop\KRBO-01-21Maltseva Lab\template\Logical\Libraries\Library\Types.typ"
    LogicalPath="Libraries.Library.Types.typ"
    Type="File"
    LastWriteTime="132903479828205161"
    Private="false" />
  <Object
    Path="C:\Users\admin\Desktop\KRBO-01-21Maltseva Lab\template\Logical\Libraries\Library\Constants.var"
    LogicalPath="Libraries.Library.Constants.var"
    Type="File"
    LastWriteTime="132903486415822706"
    Private="false" />
  <Object
    Path="C:\Users\admin\Desktop\KRBO-01-21Maltseva Lab\template\Logical\Libraries\Library\Library.fun"
    LogicalPath="Libraries.Library.Library.fun"
    Type="File"
    LastWriteTime="132903483678385459"
    Private="false" />
  <Object
    Path="C:\Users\admin\Desktop\KRBO-01-21Maltseva Lab\template\Logical\Libraries\Library\DRIVE.c"
    LogicalPath="Libraries.Library.DRIVE.c"
    Type="File"
    LastWriteTime="132903489417013935"
    Private="false" />
  <Object
    Path="C:\Users\admin\Desktop\KRBO-01-21Maltseva Lab\template\Logical\acp10etxen\Ett.dob"
    LogicalPath="acp10etxen"
    Type="DataObject"
    LastWriteTime="132614757700000000" />
  <Object
    Path="C:\Users\admin\Desktop\KRBO-01-21Maltseva Lab\template\Logical\acp10etxen\acp10etxen.ett"
    LogicalPath="acp10etxen.acp10etxen.ett"
    Type="File"
    LastWriteTime="132614757700000000"
    Private="false" />
  <Object
    Path="C:\Users\admin\Desktop\KRBO-01-21Maltseva Lab\template\Logical\ncsdcctrl\IEC.prg"
    LogicalPath="ncsdcctrl"
    Type="Program"
    LastWriteTime="132614759660000000" />
  <Object
    Path="C:\Users\admin\Desktop\KRBO-01-21Maltseva Lab\template\Logical\ncsdcctrl\ncsdcctrlCyclic.st"
    LogicalPath="ncsdcctrl.ncsdcctrlCyclic.st"
    Type="File"
    LastWriteTime="132614759660000000"
    Private="false" />
  <Object
    Path="C:\Users\admin\Desktop\KRBO-01-21Maltseva Lab\template\Logical\ncsdcctrl\ncsdcctrlInit.st"
    LogicalPath="ncsdcctrl.ncsdcctrlInit.st"
    Type="File"
    LastWriteTime="132614759660000000"
    Private="false" />
  <Object
    Path="C:\Users\admin\Desktop\KRBO-01-21Maltseva Lab\template\Logical\ncsdcctrl\ncsdcctrl.typ"
    LogicalPath="ncsdcctrl.ncsdcctrl.typ"
    Type="File"
    LastWriteTime="132614759660000000"
    Private="true" />
  <Object
    Path="C:\Users\admin\Desktop\KRBO-01-21Maltseva Lab\template\Logical\ncsdcctrl\ncsdcctrl.var"
    LogicalPath="ncsdcctrl.ncsdcctrl.var"
    Type="File"
    LastWriteTime="132614759660000000"
    Private="true" />
  <Object
    Path="C:\Users\admin\Desktop\KRBO-01-21Maltseva Lab\template\Logical\gAxis01obj\Package.pkg"
    LogicalPath="gAxis01obj"
    Type="Package"
    LastWriteTime="132903494888542793" />
  <Object
    Path="C:\Users\admin\Desktop\KRBO-01-21Maltseva Lab\template\Logical\gAxis01obj\gAxis01a\Apt.dob"
    LogicalPath="gAxis01obj.gAxis01a"
    Type="DataObject"
    LastWriteTime="132614759680000000" />
  <Object
    Path="C:\Users\admin\Desktop\KRBO-01-21Maltseva Lab\template\Logical\gAxis01obj\gAxis01a\gAxis01a.apt"
    LogicalPath="gAxis01obj.gAxis01a.gAxis01a.apt"
    Type="File"
    LastWriteTime="132614759680000000"
    Private="false" />
  <Object
    Path="C:\Users\admin\Desktop\KRBO-01-21Maltseva Lab\template\Logical\gAxis01obj\gAxis01i\Ax.dob"
    LogicalPath="gAxis01obj.gAxis01i"
    Type="DataObject"
    LastWriteTime="132614759680000000" />
  <Object
    Path="C:\Users\admin\Desktop\KRBO-01-21Maltseva Lab\template\Logical\gAxis01obj\gAxis01i\gAxis01i.ax"
    LogicalPath="gAxis01obj.gAxis01i.gAxis01i.ax"
    Type="File"
    LastWriteTime="132614759680000000"
    Private="false" />
  <Object
    Path="C:\Users\admin\Desktop\KRBO-01-21Maltseva Lab\template\Logical\gAxis01obj\Visu\Vc.dob"
    LogicalPath="gAxis01obj.Visu"
    Type="DataObject"
    LastWriteTime="132903494888213679" />
  <Object
    Path="C:\Users\admin\Desktop\KRBO-01-21Maltseva Lab\template\Logical\gAxis01obj\Visu\VCObject.vc"
    LogicalPath="gAxis01obj.Visu.VCObject.vc"
    Type="File"
    LastWriteTime="132903494888203700"
    Private="false" />
  <Object
    Path="C:\Users\admin\Desktop\KRBO-01-21Maltseva Lab\template\Logical\Program\ANSIC.prg"
    LogicalPath="Program"
    Type="Program"
    LastWriteTime="132903476985157254" />
  <Object
    Path="C:\Users\admin\Desktop\KRBO-01-21Maltseva Lab\template\Logical\Program\Main.c"
    LogicalPath="Program.Main.c"
    Type="File"
    LastWriteTime="132930286505182640"
    Private="false" />
  <Object
    Path="C:\Users\admin\Desktop\KRBO-01-21Maltseva Lab\template\Logical\Program\Types.typ"
    LogicalPath="Program.Types.typ"
    Type="File"
    LastWriteTime="132903476985127343"
    Private="true" />
  <Object
    Path="C:\Users\admin\Desktop\KRBO-01-21Maltseva Lab\template\Logical\Program\Variables.var"
    LogicalPath="Program.Variables.var"
    Type="File"
    LastWriteTime="132903476985147283"
    Private="true" />
  <Object
    Path="C:\Users\admin\Desktop\KRBO-01-21Maltseva Lab\template\Logical\Program1\ANSIC.prg"
    LogicalPath="Program1"
    Type="Program"
    LastWriteTime="132930257921266694" />
  <Object
    Path="C:\Users\admin\Desktop\KRBO-01-21Maltseva Lab\template\Logical\Program1\Main.c"
    LogicalPath="Program1.Main.c"
    Type="File"
    LastWriteTime="132930257921097152"
    Private="false" />
  <Object
    Path="C:\Users\admin\Desktop\KRBO-01-21Maltseva Lab\template\Logical\Program1\Types.typ"
    LogicalPath="Program1.Types.typ"
    Type="File"
    LastWriteTime="132930257921176935"
    Private="true" />
  <Object
    Path="C:\Users\admin\Desktop\KRBO-01-21Maltseva Lab\template\Logical\Program1\Variables.var"
    LogicalPath="Program1.Variables.var"
    Type="File"
    LastWriteTime="132930257921196883"
    Private="true" />
  <Object
    Path="C:\Users\admin\Desktop\KRBO-01-21Maltseva Lab\template\Physical\Config1\Config.pkg"
    LogicalPath="Config1"
    Type="Configuration.ParentUnknown"
    LastWriteTime="132614757060000000" />
  <Object
    Path="C:\Users\admin\Desktop\KRBO-01-21Maltseva Lab\template\Physical\Config1\Hardware.hw"
    LogicalPath="Config1.Hardware.hw"
    Type="File"
    LastWriteTime="132930233665912655"
    Private="false" />
  <Object
    Path="C:\Users\admin\Desktop\KRBO-01-21Maltseva Lab\template\Physical\Config1\Hardware.hwl"
    LogicalPath="Config1.Hardware.hwl"
    Type="File"
    LastWriteTime="132614760960000000"
    Private="false" />
  <Object
    Path="C:\Users\admin\Desktop\KRBO-01-21Maltseva Lab\template\Physical\Config1\4PP065_0571_P74\Cpu.pkg"
    LogicalPath="Config1.4PP065_0571_P74"
    Type="Cpu"
    LastWriteTime="132614760860000000" />
  <Object
    Path="C:\Users\admin\Desktop\KRBO-01-21Maltseva Lab\template\Physical\Config1\4PP065_0571_P74\Cpu.sw"
    LogicalPath="Config1.4PP065_0571_P74.Cpu.sw"
    Type="File"
    LastWriteTime="132930258250074481"
    Private="false" />
  <Object
    Path="C:\Users\admin\Desktop\KRBO-01-21Maltseva Lab\template\Physical\Config1\4PP065_0571_P74\Cpu.per"
    LogicalPath="Config1.4PP065_0571_P74.Cpu.per"
    Type="File"
    LastWriteTime="132614757040000000"
    Private="false" />
  <Object
    Path="C:\Users\admin\Desktop\KRBO-01-21Maltseva Lab\template\Physical\Config1\4PP065_0571_P74\IoMap.iom"
    LogicalPath="Config1.4PP065_0571_P74.IoMap.iom"
    Type="File"
    LastWriteTime="132930273055669863"
    Private="false" />
  <Object
    Path="C:\Users\admin\Desktop\KRBO-01-21Maltseva Lab\template\Physical\Config1\4PP065_0571_P74\PvMap.vvm"
    LogicalPath="Config1.4PP065_0571_P74.PvMap.vvm"
    Type="File"
    LastWriteTime="132614757040000000"
    Private="false" />
  <Object
    Path="C:\Users\admin\Desktop\KRBO-01-21Maltseva Lab\template\Physical\Config1\4PP065_0571_P74\Connectivity\Package.pkg"
    LogicalPath="Config1.4PP065_0571_P74.Connectivity"
    Type="Package"
    LastWriteTime="132614757040000000" />
  <Object
    Path="C:\Users\admin\Desktop\KRBO-01-21Maltseva Lab\template\Physical\Config1\4PP065_0571_P74\Connectivity\OpcUA\Package.pkg"
    LogicalPath="Config1.4PP065_0571_P74.Connectivity.OpcUA"
    Type="Package"
    LastWriteTime="132614757040000000" />
  <Object
    Path="C:\Users\admin\Desktop\KRBO-01-21Maltseva Lab\template\Physical\Config1\4PP065_0571_P74\TextSystem\Package.pkg"
    LogicalPath="Config1.4PP065_0571_P74.TextSystem"
    Type="Package"
    LastWriteTime="132614757040000000" />
  <Object
    Path="C:\Users\admin\Desktop\KRBO-01-21Maltseva Lab\template\Physical\Config1\4PP065_0571_P74\UnitSystem\Package.pkg"
    LogicalPath="Config1.4PP065_0571_P74.UnitSystem"
    Type="Package"
    LastWriteTime="132614757040000000" />
  <Object
    Path="C:\Users\admin\Desktop\KRBO-01-21Maltseva Lab\template\Physical\Config1\4PP065_0571_P74\AccessAndSecurity\Package.pkg"
    LogicalPath="Config1.4PP065_0571_P74.AccessAndSecurity"
    Type="Package"
    LastWriteTime="132614757040000000" />
  <Object
    Path="C:\Users\admin\Desktop\KRBO-01-21Maltseva Lab\template\Physical\Config1\4PP065_0571_P74\AccessAndSecurity\UserRoleSystem\Package.pkg"
    LogicalPath="Config1.4PP065_0571_P74.AccessAndSecurity.UserRoleSystem"
    Type="Package"
    LastWriteTime="132614757040000000" />
  <Object
    Path="C:\Users\admin\Desktop\KRBO-01-21Maltseva Lab\template\Physical\Config1\4PP065_0571_P74\AccessAndSecurity\UserRoleSystem\Role.role"
    LogicalPath="Config1.4PP065_0571_P74.AccessAndSecurity.UserRoleSystem.Role.role"
    Type="File"
    LastWriteTime="132614757040000000"
    Private="false" />
  <Object
    Path="C:\Users\admin\Desktop\KRBO-01-21Maltseva Lab\template\Physical\Config1\4PP065_0571_P74\AccessAndSecurity\UserRoleSystem\User.user"
    LogicalPath="Config1.4PP065_0571_P74.AccessAndSecurity.UserRoleSystem.User.user"
    Type="File"
    LastWriteTime="132614757040000000"
    Private="false" />
  <Object
    Path="C:\Users\admin\Desktop\KRBO-01-21Maltseva Lab\template\Physical\Config1\4PP065_0571_P74\AccessAndSecurity\CertificateStore\Package.pkg"
    LogicalPath="Config1.4PP065_0571_P74.AccessAndSecurity.CertificateStore"
    Type="Package"
    LastWriteTime="132614757040000000" />
  <Object
    Path="C:\Users\admin\Desktop\KRBO-01-21Maltseva Lab\template\Physical\Config1\4PP065_0571_P74\AccessAndSecurity\CertificateStore\OwnCertificates\Package.pkg"
    LogicalPath="Config1.4PP065_0571_P74.AccessAndSecurity.CertificateStore.OwnCertificates"
    Type="Package"
    LastWriteTime="132614757040000000" />
  <Object
    Path="C:\Users\admin\Desktop\KRBO-01-21Maltseva Lab\template\Physical\Config1\4PP065_0571_P74\AccessAndSecurity\CertificateStore\OwnCertificates\Certificates\Package.pkg"
    LogicalPath="Config1.4PP065_0571_P74.AccessAndSecurity.CertificateStore.OwnCertificates.Certificates"
    Type="Package"
    LastWriteTime="132614757040000000" />
  <Object
    Path="C:\Users\admin\Desktop\KRBO-01-21Maltseva Lab\template\Physical\Config1\4PP065_0571_P74\AccessAndSecurity\CertificateStore\OwnCertificates\PrivateKeys\Package.pkg"
    LogicalPath="Config1.4PP065_0571_P74.AccessAndSecurity.CertificateStore.OwnCertificates.PrivateKeys"
    Type="Package"
    LastWriteTime="132614757040000000" />
  <Object
    Path="C:\Users\admin\Desktop\KRBO-01-21Maltseva Lab\template\Physical\Config1\4PP065_0571_P74\AccessAndSecurity\CertificateStore\ThirdPartyCertificates\Package.pkg"
    LogicalPath="Config1.4PP065_0571_P74.AccessAndSecurity.CertificateStore.ThirdPartyCertificates"
    Type="Package"
    LastWriteTime="132614757040000000" />
  <Object
    Path="C:\Users\admin\Desktop\KRBO-01-21Maltseva Lab\template\Physical\Config1\4PP065_0571_P74\AccessAndSecurity\CertificateStore\ThirdPartyCertificates\SoftwareCertificates\Package.pkg"
    LogicalPath="Config1.4PP065_0571_P74.AccessAndSecurity.CertificateStore.ThirdPartyCertificates.SoftwareCertificates"
    Type="Package"
    LastWriteTime="132614757040000000" />
  <Object
    Path="C:\Users\admin\Desktop\KRBO-01-21Maltseva Lab\template\Physical\Config1\4PP065_0571_P74\AccessAndSecurity\CertificateStore\CertificateRevocationLists\Package.pkg"
    LogicalPath="Config1.4PP065_0571_P74.AccessAndSecurity.CertificateStore.CertificateRevocationLists"
    Type="Package"
    LastWriteTime="132614757040000000" />
  <Object
    Path="C:\Users\admin\Desktop\KRBO-01-21Maltseva Lab\template\Physical\Config1\4PP065_0571_P74\AccessAndSecurity\CertificateStore\CertificateSigningRequests\Package.pkg"
    LogicalPath="Config1.4PP065_0571_P74.AccessAndSecurity.CertificateStore.CertificateSigningRequests"
    Type="Package"
    LastWriteTime="132614757040000000" />
  <Object
    Path="C:\Users\admin\Desktop\KRBO-01-21Maltseva Lab\template\Physical\Config1\4PP065_0571_P74\AccessAndSecurity\TransportLayerSecurity\Package.pkg"
    LogicalPath="Config1.4PP065_0571_P74.AccessAndSecurity.TransportLayerSecurity"
    Type="Package"
    LastWriteTime="132614757040000000" />
  <Object
    Path="C:\Users\admin\Desktop\KRBO-01-21Maltseva Lab\template\Physical\Config1\4PP065_0571_P74\mappControl\Package.pkg"
    LogicalPath="Config1.4PP065_0571_P74.mappControl"
    Type="Package"
    LastWriteTime="132614757040000000" />
  <Object
    Path="C:\Users\admin\Desktop\KRBO-01-21Maltseva Lab\template\Physical\Config1\4PP065_0571_P74\mappMotion\Package.pkg"
    LogicalPath="Config1.4PP065_0571_P74.mappMotion"
    Type="Package"
    LastWriteTime="132614757040000000" />
  <Object
    Path="C:\Users\admin\Desktop\KRBO-01-21Maltseva Lab\template\Physical\Config1\4PP065_0571_P74\mappServices\Package.pkg"
    LogicalPath="Config1.4PP065_0571_P74.mappServices"
    Type="Package"
    LastWriteTime="132614757040000000" />
  <Object
    Path="C:\Users\admin\Desktop\KRBO-01-21Maltseva Lab\template\Physical\Config1\4PP065_0571_P74\mappView\Package.pkg"
    LogicalPath="Config1.4PP065_0571_P74.mappView"
    Type="Package"
    LastWriteTime="132614757040000000" />
  <Object
    Path="C:\Users\admin\Desktop\KRBO-01-21Maltseva Lab\template\Physical\Config1\4PP065_0571_P74\mappCockpit\Package.pkg"
    LogicalPath="Config1.4PP065_0571_P74.mappCockpit"
    Type="Package"
    LastWriteTime="132614757040000000" />
  <Object
    Path="C:\Users\admin\Desktop\KRBO-01-21Maltseva Lab\template\Physical\Config1\4PP065_0571_P74\Motion\Package.pkg"
    LogicalPath="Config1.4PP065_0571_P74.Motion"
    Type="Package"
    LastWriteTime="132614757580000000" />
  <Object
    Path="C:\Users\admin\Desktop\KRBO-01-21Maltseva Lab\template\Physical\Config1\4PP065_0571_P74\Motion\Acp10map.ncm"
    LogicalPath="Config1.4PP065_0571_P74.Motion.Acp10map.ncm"
    Type="File"
    LastWriteTime="132614759660000000"
    Private="false" />
  <Object
    Path="C:\Users\admin\Desktop\KRBO-01-21Maltseva Lab\template\Physical\Config1\4PP065_0571_P74\Motion\Acp10cfg.ncc"
    LogicalPath="Config1.4PP065_0571_P74.Motion.Acp10cfg.ncc"
    Type="File"
    LastWriteTime="132614757700000000"
    Private="false" />
  <Object
    Path="C:\Users\admin\Desktop\KRBO-01-21Maltseva Lab\template\Physical\Config1\4PP065_0571_P74\Motion\Acp10sys.br"
    LogicalPath="Config1.4PP065_0571_P74.Motion.Acp10sys.br"
    Type="File"
    LastWriteTime="132614757580000000"
    Private="false" />
  <Object
    Path="C:\Users\admin\Desktop\KRBO-01-21Maltseva Lab\template\Physical\Config1\Hardware.jpg"
    LogicalPath="Config1.Hardware.jpg"
    Type="File"
    LastWriteTime="132930268136653246"
    Private="false" />
</Objects>